#
# A fatal error has been detected by the Java Runtime Environment:
#
#  EXCEPTION_ACCESS_VIOLATION (0xc0000005) at pc=0x0000020e80056401, pid=5628, tid=13192
#
# JRE version: Java(TM) SE Runtime Environment (11.0+28) (build 11+28)
# Java VM: Java HotSpot(TM) 64-Bit Server VM (11+28, mixed mode, tiered, compressed oops, g1 gc, windows-amd64)
# Problematic frame:
# v  ~BufferBlob::MethodHandles adapters
#
# No core dump will be written. Minidumps are not enabled by default on client versions of Windows
#
# If you would like to submit a bug report, please visit:
#   http://bugreport.java.com/bugreport/crash.jsp
#

---------------  S U M M A R Y ------------

Command Line: -agentlib:jdwp=transport=dt_socket,suspend=y,address=localhost:64537 -javaagent:E:\Program Files\eclipse\configuration\org.eclipse.osgi\221\0\.cp\lib\javaagent-shaded.jar -Dfile.encoding=Cp1252 FrontEnd.Front

Host: Intel(R) Core(TM) i7-7700 CPU @ 3.60GHz, 8 cores, 15G,  Windows 10 , 64 bit Build 17134 (10.0.17134.706)
Time: Fri Apr 19 17:08:33 2019 Eastern Daylight Time elapsed time: 42 seconds (0d 0h 0m 42s)

---------------  T H R E A D  ---------------

Current thread (0x0000020eeba4b000):  JavaThread "main" [_thread_in_Java, id=13192, stack(0x000000565d200000,0x000000565d300000)]

Stack: [0x000000565d200000,0x000000565d300000],  sp=0x000000565d2ee2c8,  free space=952k
Native frames: (J=compiled Java code, j=interpreted, Vv=VM code, C=native code)
C  0x0000020e80056401


siginfo: EXCEPTION_ACCESS_VIOLATION (0xc0000005), reading address 0xffffffffffffffff


Register to memory mapping:

RIP=0x0000020e80056401 is at begin+52 in a stub
MethodHandle::interpreter_entry::_linkToStatic [0x0000020e800563cd, 0x0000020e8005640c[ (63 bytes)
RAX=0x0000020e8000c4c8 is at code_begin+6248 in an Interpreter codelet
invoke return entry points  [0x0000020e8000ac60, 0x0000020e8000ccc0]  8288 bytes
RBX=0xe1f9860ae1fc1ac0 is an unknown value
RCX=0x0000020e9162bae8 is pointing into metadata
RDX=0x0000020e8000c4c8 is at code_begin+6248 in an Interpreter codelet
invoke return entry points  [0x0000020e8000ac60, 0x0000020e8000ccc0]  8288 bytes
RSP=0x000000565d2ee2c8 is pointing into the stack for thread: 0x0000020eeba4b000
RBP=0x000000565d2ee350 is pointing into the stack for thread: 0x0000020eeba4b000
RSI=0x0000020e93c97fc8 points into unknown readable memory
RDI=0x0000020e92fad090 points into unknown readable memory
R8 =0x000000000000000a is an unknown value
R9 =0x000000000000000a is an unknown value
R10=0x00007ffa23eec6b0 jvm.dll
R11={method} {0x0000020e91626698} 'invokeStatic' '(Ljava/lang/Object;Ljava/lang/Object;Ljava/lang/Object;Ljava/lang/Object;Ljava/lang/Object;Ljava/lang/Object;Ljava/lang/Object;Ljava/lang/Object;Ljava/lang/Object;)Ljava/lang/Object;' in 'java/lang/invoke/DirectMethodHandle$Holder'
R12=0x0 is NULL
R13=0x000000565d2ee2c8 is pointing into the stack for thread: 0x0000020eeba4b000
R14=0x000000565d2ee3a8 is pointing into the stack for thread: 0x0000020eeba4b000
R15=0x0000020eeba4b000 is a thread


Registers:
RAX=0x0000020e8000c4c8, RBX=0xe1f9860ae1fc1ac0, RCX=0x0000020e9162bae8, RDX=0x0000020e8000c4c8
RSP=0x000000565d2ee2c8, RBP=0x000000565d2ee350, RSI=0x0000020e93c97fc8, RDI=0x0000020e92fad090
R8 =0x000000000000000a, R9 =0x000000000000000a, R10=0x00007ffa23eec6b0, R11=0x0000020e91626690
R12=0x0000000000000000, R13=0x000000565d2ee2c8, R14=0x000000565d2ee3a8, R15=0x0000020eeba4b000
RIP=0x0000020e80056401, EFLAGS=0x0000000000010202

Top of Stack: (sp=0x000000565d2ee2c8)
0x000000565d2ee2c8:   0000020e8000c4c8 0000000709139888
0x000000565d2ee2d8:   0000000000000000 000000070ae11778
0x000000565d2ee2e8:   000000070c80e190 000000070ae0cec8
0x000000565d2ee2f8:   0000000709139870 000000070d54fd58
0x000000565d2ee308:   000000565d2ee308 0000020e91626680
0x000000565d2ee318:   000000565d2ee3a8 0000020e9162bae8
0x000000565d2ee328:   0000020e96842610 000000070f79d240
0x000000565d2ee338:   0000020e91626690 000000565d2ee2c8
0x000000565d2ee348:   000000565d2ee3b0 000000565d2ee470
0x000000565d2ee358:   0000020e8000c4c8 000000070913c0e0
0x000000565d2ee368:   00000007091398a0 0000000709139888
0x000000565d2ee378:   0000000000000000 000000070ae11778
0x000000565d2ee388:   000000070c80e190 000000070ae0cec8
0x000000565d2ee398:   0000000709139870 000000070d54fd58
0x000000565d2ee3a8:   000000070913c1a0 0000000000000000
0x000000565d2ee3b8:   0000000709139888 00000007091398a0 

Instructions: (pc=0x0000020e80056401)
0x0000020e800563e1:   5b 50 8b 5b 24 48 c1 e3 03 48 8b 5b 10 48 85 db
0x0000020e800563f1:   0f 84 10 00 00 00 41 80 bf 98 04 00 00 00 74 03
0x0000020e80056401:   ff 63 30 ff 63 48 e9 f4 f8 ff ff 66 66 66 0f 1f
0x0000020e80056411:   84 00 00 00 00 00 66 66 66 90 0f 1f 44 00 00 48 


MethodHandle::interpreter_entry::_linkToStatic [0x0000020e800563cd, 0x0000020e8005640c[ (63 bytes)
---------------  P R O C E S S  ---------------

Threads class SMR info:
_java_thread_list=0x0000020e978d1830, length=13, elements={
0x0000020eeba4b000, 0x0000020e91307800, 0x0000020e912ff800, 0x0000020e91c0a800,
0x0000020e91c0c000, 0x0000020e91bc5800, 0x0000020e91c11000, 0x0000020e91c16000,
0x0000020e91b90800, 0x0000020e92015000, 0x0000020e92003000, 0x0000020e92003800,
0x0000020e9217b800
}

Java Threads: ( => current thread )
=>0x0000020eeba4b000 JavaThread "main" [_thread_in_Java, id=13192, stack(0x000000565d200000,0x000000565d300000)]
  0x0000020e91307800 JavaThread "Reference Handler" daemon [_thread_blocked, id=2444, stack(0x000000565d900000,0x000000565da00000)]
  0x0000020e912ff800 JavaThread "Finalizer" daemon [_thread_blocked, id=12984, stack(0x000000565da00000,0x000000565db00000)]
  0x0000020e91c0a800 JavaThread "Signal Dispatcher" daemon [_thread_blocked, id=12756, stack(0x000000565db00000,0x000000565dc00000)]
  0x0000020e91c0c000 JavaThread "Attach Listener" daemon [_thread_blocked, id=4596, stack(0x000000565dc00000,0x000000565dd00000)]
  0x0000020e91bc5800 JavaThread "C2 CompilerThread0" daemon [_thread_in_native, id=10484, stack(0x000000565dd00000,0x000000565de00000)]
  0x0000020e91c11000 JavaThread "C1 CompilerThread0" daemon [_thread_blocked, id=396, stack(0x000000565de00000,0x000000565df00000)]
  0x0000020e91c16000 JavaThread "Sweeper thread" daemon [_thread_blocked, id=10208, stack(0x000000565df00000,0x000000565e000000)]
  0x0000020e91b90800 JavaThread "Common-Cleaner" daemon [_thread_blocked, id=1644, stack(0x000000565e000000,0x000000565e100000)]
  0x0000020e92015000 JavaThread "JDWP Transport Listener: dt_socket" daemon [_thread_blocked, id=2340, stack(0x000000565e200000,0x000000565e300000)]
  0x0000020e92003000 JavaThread "JDWP Event Helper Thread" daemon [_thread_blocked, id=6664, stack(0x000000565e300000,0x000000565e400000)]
  0x0000020e92003800 JavaThread "JDWP Command Reader" daemon [_thread_in_native, id=2028, stack(0x000000565e400000,0x000000565e500000)]
  0x0000020e9217b800 JavaThread "Service Thread" daemon [_thread_blocked, id=9812, stack(0x000000565e500000,0x000000565e600000)]

Other Threads:
  0x0000020e912f4800 VMThread "VM Thread" [stack: 0x000000565d800000,0x000000565d900000] [id=7496]
  0x0000020e920e1000 WatcherThread [stack: 0x000000565e600000,0x000000565e700000] [id=12848]
  0x0000020eeba63000 GCTaskThread "GC Thread#0" [stack: 0x000000565d300000,0x000000565d400000] [id=12784]
  0x0000020e93902000 GCTaskThread "GC Thread#1" [stack: 0x000000565e800000,0x000000565e900000] [id=12588]
  0x0000020e92f21000 GCTaskThread "GC Thread#2" [stack: 0x000000565e900000,0x000000565ea00000] [id=5196]
  0x0000020e93ff7000 GCTaskThread "GC Thread#3" [stack: 0x000000565ea00000,0x000000565eb00000] [id=2664]
  0x0000020e930e1000 GCTaskThread "GC Thread#4" [stack: 0x000000565eb00000,0x000000565ec00000] [id=7556]
  0x0000020e930e1800 GCTaskThread "GC Thread#5" [stack: 0x000000565ec00000,0x000000565ed00000] [id=10252]
  0x0000020eeb98d800 ConcurrentGCThread "G1 Main Marker" [stack: 0x000000565d400000,0x000000565d500000] [id=12640]
  0x0000020eebabd000 ConcurrentGCThread "G1 Conc#0" [stack: 0x000000565d500000,0x000000565d600000] [id=11696]
  0x0000020e911d8000 ConcurrentGCThread "G1 Refine#0" [stack: 0x000000565d600000,0x000000565d700000] [id=10852]
  0x0000020e911db000 ConcurrentGCThread "G1 Young RemSet Sampling" [stack: 0x000000565d700000,0x000000565d800000] [id=7164]

Threads with active compile tasks:
C2 CompilerThread02676       4       org.eclipse.jdt.launching.internal.org.objectweb.asm.ClassReader::readConst (276 bytes)

VM state:not at safepoint (normal execution)

VM Mutex/Monitor currently owned by a thread: None

Heap address: 0x0000000701000000, size: 4080 MB, Compressed Oops mode: Zero based, Oop shift amount: 3
Narrow klass base: 0x0000000800000000, Narrow klass shift: 0
Compressed class space size: 1073741824 Address: 0x0000000800000000

Heap:
 garbage-first heap   total 262144K, used 130252K [0x0000000701000000, 0x0000000800000000)
  region size 1024K, 127 young (130048K), 3 survivors (3072K)
 Metaspace       used 19066K, capacity 19735K, committed 19968K, reserved 1067008K
  class space    used 1891K, capacity 2188K, committed 2304K, reserved 1048576K
Heap Regions: E=young(eden), S=young(survivor), O=old, HS=humongous(starts), HC=humongous(continues), CS=collection set, F=free, A=archive, TAMS=top-at-mark-start (previous, next)
|   0|0x0000000701000000, 0x0000000701100000, 0x0000000701100000|100%|HS|  |TAMS 0x0000000701000000, 0x0000000701000000| Complete 
|   1|0x0000000701100000, 0x0000000701200000, 0x0000000701200000|100%|HC|  |TAMS 0x0000000701100000, 0x0000000701100000| Complete 
|   2|0x0000000701200000, 0x0000000701233200, 0x0000000701300000| 19%| O|  |TAMS 0x0000000701200000, 0x0000000701200000| Untracked 
|   3|0x0000000701300000, 0x0000000701300000, 0x0000000701400000|  0%| F|  |TAMS 0x0000000701300000, 0x0000000701300000| Untracked 
|   4|0x0000000701400000, 0x0000000701400000, 0x0000000701500000|  0%| F|  |TAMS 0x0000000701400000, 0x0000000701400000| Untracked 
|   5|0x0000000701500000, 0x0000000701500000, 0x0000000701600000|  0%| F|  |TAMS 0x0000000701500000, 0x0000000701500000| Untracked 
|   6|0x0000000701600000, 0x0000000701600000, 0x0000000701700000|  0%| F|  |TAMS 0x0000000701600000, 0x0000000701600000| Untracked 
|   7|0x0000000701700000, 0x0000000701700000, 0x0000000701800000|  0%| F|  |TAMS 0x0000000701700000, 0x0000000701700000| Untracked 
|   8|0x0000000701800000, 0x0000000701800000, 0x0000000701900000|  0%| F|  |TAMS 0x0000000701800000, 0x0000000701800000| Untracked 
|   9|0x0000000701900000, 0x0000000701900000, 0x0000000701a00000|  0%| F|  |TAMS 0x0000000701900000, 0x0000000701900000| Untracked 
|  10|0x0000000701a00000, 0x0000000701a00000, 0x0000000701b00000|  0%| F|  |TAMS 0x0000000701a00000, 0x0000000701a00000| Untracked 
|  11|0x0000000701b00000, 0x0000000701b00000, 0x0000000701c00000|  0%| F|  |TAMS 0x0000000701b00000, 0x0000000701b00000| Untracked 
|  12|0x0000000701c00000, 0x0000000701c00000, 0x0000000701d00000|  0%| F|  |TAMS 0x0000000701c00000, 0x0000000701c00000| Untracked 
|  13|0x0000000701d00000, 0x0000000701d00000, 0x0000000701e00000|  0%| F|  |TAMS 0x0000000701d00000, 0x0000000701d00000| Untracked 
|  14|0x0000000701e00000, 0x0000000701e00000, 0x0000000701f00000|  0%| F|  |TAMS 0x0000000701e00000, 0x0000000701e00000| Untracked 
|  15|0x0000000701f00000, 0x0000000701f00000, 0x0000000702000000|  0%| F|  |TAMS 0x0000000701f00000, 0x0000000701f00000| Untracked 
|  16|0x0000000702000000, 0x0000000702000000, 0x0000000702100000|  0%| F|  |TAMS 0x0000000702000000, 0x0000000702000000| Untracked 
|  17|0x0000000702100000, 0x0000000702100000, 0x0000000702200000|  0%| F|  |TAMS 0x0000000702100000, 0x0000000702100000| Untracked 
|  18|0x0000000702200000, 0x0000000702200000, 0x0000000702300000|  0%| F|  |TAMS 0x0000000702200000, 0x0000000702200000| Untracked 
|  19|0x0000000702300000, 0x0000000702300000, 0x0000000702400000|  0%| F|  |TAMS 0x0000000702300000, 0x0000000702300000| Untracked 
|  20|0x0000000702400000, 0x0000000702400000, 0x0000000702500000|  0%| F|  |TAMS 0x0000000702400000, 0x0000000702400000| Untracked 
|  21|0x0000000702500000, 0x0000000702500000, 0x0000000702600000|  0%| F|  |TAMS 0x0000000702500000, 0x0000000702500000| Untracked 
|  22|0x0000000702600000, 0x0000000702600000, 0x0000000702700000|  0%| F|  |TAMS 0x0000000702600000, 0x0000000702600000| Untracked 
|  23|0x0000000702700000, 0x0000000702700000, 0x0000000702800000|  0%| F|  |TAMS 0x0000000702700000, 0x0000000702700000| Untracked 
|  24|0x0000000702800000, 0x0000000702800000, 0x0000000702900000|  0%| F|  |TAMS 0x0000000702800000, 0x0000000702800000| Untracked 
|  25|0x0000000702900000, 0x0000000702900000, 0x0000000702a00000|  0%| F|  |TAMS 0x0000000702900000, 0x0000000702900000| Untracked 
|  26|0x0000000702a00000, 0x0000000702a00000, 0x0000000702b00000|  0%| F|  |TAMS 0x0000000702a00000, 0x0000000702a00000| Untracked 
|  27|0x0000000702b00000, 0x0000000702b00000, 0x0000000702c00000|  0%| F|  |TAMS 0x0000000702b00000, 0x0000000702b00000| Untracked 
|  28|0x0000000702c00000, 0x0000000702c00000, 0x0000000702d00000|  0%| F|  |TAMS 0x0000000702c00000, 0x0000000702c00000| Untracked 
|  29|0x0000000702d00000, 0x0000000702d00000, 0x0000000702e00000|  0%| F|  |TAMS 0x0000000702d00000, 0x0000000702d00000| Untracked 
|  30|0x0000000702e00000, 0x0000000702e00000, 0x0000000702f00000|  0%| F|  |TAMS 0x0000000702e00000, 0x0000000702e00000| Untracked 
|  31|0x0000000702f00000, 0x0000000702f00000, 0x0000000703000000|  0%| F|  |TAMS 0x0000000702f00000, 0x0000000702f00000| Untracked 
|  32|0x0000000703000000, 0x0000000703000000, 0x0000000703100000|  0%| F|  |TAMS 0x0000000703000000, 0x0000000703000000| Untracked 
|  33|0x0000000703100000, 0x0000000703100000, 0x0000000703200000|  0%| F|  |TAMS 0x0000000703100000, 0x0000000703100000| Untracked 
|  34|0x0000000703200000, 0x0000000703200000, 0x0000000703300000|  0%| F|  |TAMS 0x0000000703200000, 0x0000000703200000| Untracked 
|  35|0x0000000703300000, 0x0000000703300000, 0x0000000703400000|  0%| F|  |TAMS 0x0000000703300000, 0x0000000703300000| Untracked 
|  36|0x0000000703400000, 0x0000000703400000, 0x0000000703500000|  0%| F|  |TAMS 0x0000000703400000, 0x0000000703400000| Untracked 
|  37|0x0000000703500000, 0x0000000703500000, 0x0000000703600000|  0%| F|  |TAMS 0x0000000703500000, 0x0000000703500000| Untracked 
|  38|0x0000000703600000, 0x0000000703600000, 0x0000000703700000|  0%| F|  |TAMS 0x0000000703600000, 0x0000000703600000| Untracked 
|  39|0x0000000703700000, 0x0000000703700000, 0x0000000703800000|  0%| F|  |TAMS 0x0000000703700000, 0x0000000703700000| Untracked 
|  40|0x0000000703800000, 0x0000000703800000, 0x0000000703900000|  0%| F|  |TAMS 0x0000000703800000, 0x0000000703800000| Untracked 
|  41|0x0000000703900000, 0x0000000703900000, 0x0000000703a00000|  0%| F|  |TAMS 0x0000000703900000, 0x0000000703900000| Untracked 
|  42|0x0000000703a00000, 0x0000000703a00000, 0x0000000703b00000|  0%| F|  |TAMS 0x0000000703a00000, 0x0000000703a00000| Untracked 
|  43|0x0000000703b00000, 0x0000000703b00000, 0x0000000703c00000|  0%| F|  |TAMS 0x0000000703b00000, 0x0000000703b00000| Untracked 
|  44|0x0000000703c00000, 0x0000000703c00000, 0x0000000703d00000|  0%| F|  |TAMS 0x0000000703c00000, 0x0000000703c00000| Untracked 
|  45|0x0000000703d00000, 0x0000000703d00000, 0x0000000703e00000|  0%| F|  |TAMS 0x0000000703d00000, 0x0000000703d00000| Untracked 
|  46|0x0000000703e00000, 0x0000000703e00000, 0x0000000703f00000|  0%| F|  |TAMS 0x0000000703e00000, 0x0000000703e00000| Untracked 
|  47|0x0000000703f00000, 0x0000000703f00000, 0x0000000704000000|  0%| F|  |TAMS 0x0000000703f00000, 0x0000000703f00000| Untracked 
|  48|0x0000000704000000, 0x0000000704000000, 0x0000000704100000|  0%| F|  |TAMS 0x0000000704000000, 0x0000000704000000| Untracked 
|  49|0x0000000704100000, 0x0000000704100000, 0x0000000704200000|  0%| F|  |TAMS 0x0000000704100000, 0x0000000704100000| Untracked 
|  50|0x0000000704200000, 0x0000000704200000, 0x0000000704300000|  0%| F|  |TAMS 0x0000000704200000, 0x0000000704200000| Untracked 
|  51|0x0000000704300000, 0x0000000704300000, 0x0000000704400000|  0%| F|  |TAMS 0x0000000704300000, 0x0000000704300000| Untracked 
|  52|0x0000000704400000, 0x0000000704400000, 0x0000000704500000|  0%| F|  |TAMS 0x0000000704400000, 0x0000000704400000| Untracked 
|  53|0x0000000704500000, 0x0000000704500000, 0x0000000704600000|  0%| F|  |TAMS 0x0000000704500000, 0x0000000704500000| Untracked 
|  54|0x0000000704600000, 0x0000000704600000, 0x0000000704700000|  0%| F|  |TAMS 0x0000000704600000, 0x0000000704600000| Untracked 
|  55|0x0000000704700000, 0x0000000704700000, 0x0000000704800000|  0%| F|  |TAMS 0x0000000704700000, 0x0000000704700000| Untracked 
|  56|0x0000000704800000, 0x0000000704800000, 0x0000000704900000|  0%| F|  |TAMS 0x0000000704800000, 0x0000000704800000| Untracked 
|  57|0x0000000704900000, 0x0000000704900000, 0x0000000704a00000|  0%| F|  |TAMS 0x0000000704900000, 0x0000000704900000| Untracked 
|  58|0x0000000704a00000, 0x0000000704a00000, 0x0000000704b00000|  0%| F|  |TAMS 0x0000000704a00000, 0x0000000704a00000| Untracked 
|  59|0x0000000704b00000, 0x0000000704b00000, 0x0000000704c00000|  0%| F|  |TAMS 0x0000000704b00000, 0x0000000704b00000| Untracked 
|  60|0x0000000704c00000, 0x0000000704c00000, 0x0000000704d00000|  0%| F|  |TAMS 0x0000000704c00000, 0x0000000704c00000| Untracked 
|  61|0x0000000704d00000, 0x0000000704d00000, 0x0000000704e00000|  0%| F|  |TAMS 0x0000000704d00000, 0x0000000704d00000| Untracked 
|  62|0x0000000704e00000, 0x0000000704e00000, 0x0000000704f00000|  0%| F|  |TAMS 0x0000000704e00000, 0x0000000704e00000| Untracked 
|  63|0x0000000704f00000, 0x0000000704f00000, 0x0000000705000000|  0%| F|  |TAMS 0x0000000704f00000, 0x0000000704f00000| Untracked 
|  64|0x0000000705000000, 0x0000000705000000, 0x0000000705100000|  0%| F|  |TAMS 0x0000000705000000, 0x0000000705000000| Untracked 
|  65|0x0000000705100000, 0x0000000705100000, 0x0000000705200000|  0%| F|  |TAMS 0x0000000705100000, 0x0000000705100000| Untracked 
|  66|0x0000000705200000, 0x0000000705200000, 0x0000000705300000|  0%| F|  |TAMS 0x0000000705200000, 0x0000000705200000| Untracked 
|  67|0x0000000705300000, 0x0000000705300000, 0x0000000705400000|  0%| F|  |TAMS 0x0000000705300000, 0x0000000705300000| Untracked 
|  68|0x0000000705400000, 0x0000000705400000, 0x0000000705500000|  0%| F|  |TAMS 0x0000000705400000, 0x0000000705400000| Untracked 
|  69|0x0000000705500000, 0x0000000705500000, 0x0000000705600000|  0%| F|  |TAMS 0x0000000705500000, 0x0000000705500000| Untracked 
|  70|0x0000000705600000, 0x0000000705600000, 0x0000000705700000|  0%| F|  |TAMS 0x0000000705600000, 0x0000000705600000| Untracked 
|  71|0x0000000705700000, 0x0000000705700000, 0x0000000705800000|  0%| F|  |TAMS 0x0000000705700000, 0x0000000705700000| Untracked 
|  72|0x0000000705800000, 0x0000000705800000, 0x0000000705900000|  0%| F|  |TAMS 0x0000000705800000, 0x0000000705800000| Untracked 
|  73|0x0000000705900000, 0x0000000705900000, 0x0000000705a00000|  0%| F|  |TAMS 0x0000000705900000, 0x0000000705900000| Untracked 
|  74|0x0000000705a00000, 0x0000000705a00000, 0x0000000705b00000|  0%| F|  |TAMS 0x0000000705a00000, 0x0000000705a00000| Untracked 
|  75|0x0000000705b00000, 0x0000000705b00000, 0x0000000705c00000|  0%| F|  |TAMS 0x0000000705b00000, 0x0000000705b00000| Untracked 
|  76|0x0000000705c00000, 0x0000000705c00000, 0x0000000705d00000|  0%| F|  |TAMS 0x0000000705c00000, 0x0000000705c00000| Untracked 
|  77|0x0000000705d00000, 0x0000000705d00000, 0x0000000705e00000|  0%| F|  |TAMS 0x0000000705d00000, 0x0000000705d00000| Untracked 
|  78|0x0000000705e00000, 0x0000000705e00000, 0x0000000705f00000|  0%| F|  |TAMS 0x0000000705e00000, 0x0000000705e00000| Untracked 
|  79|0x0000000705f00000, 0x0000000705f00000, 0x0000000706000000|  0%| F|  |TAMS 0x0000000705f00000, 0x0000000705f00000| Untracked 
|  80|0x0000000706000000, 0x0000000706000000, 0x0000000706100000|  0%| F|  |TAMS 0x0000000706000000, 0x0000000706000000| Untracked 
|  81|0x0000000706100000, 0x0000000706100000, 0x0000000706200000|  0%| F|  |TAMS 0x0000000706100000, 0x0000000706100000| Untracked 
|  82|0x0000000706200000, 0x0000000706200000, 0x0000000706300000|  0%| F|  |TAMS 0x0000000706200000, 0x0000000706200000| Untracked 
|  83|0x0000000706300000, 0x0000000706300000, 0x0000000706400000|  0%| F|  |TAMS 0x0000000706300000, 0x0000000706300000| Untracked 
|  84|0x0000000706400000, 0x0000000706400000, 0x0000000706500000|  0%| F|  |TAMS 0x0000000706400000, 0x0000000706400000| Untracked 
|  85|0x0000000706500000, 0x0000000706500000, 0x0000000706600000|  0%| F|  |TAMS 0x0000000706500000, 0x0000000706500000| Untracked 
|  86|0x0000000706600000, 0x0000000706600000, 0x0000000706700000|  0%| F|  |TAMS 0x0000000706600000, 0x0000000706600000| Untracked 
|  87|0x0000000706700000, 0x0000000706700000, 0x0000000706800000|  0%| F|  |TAMS 0x0000000706700000, 0x0000000706700000| Untracked 
|  88|0x0000000706800000, 0x0000000706800000, 0x0000000706900000|  0%| F|  |TAMS 0x0000000706800000, 0x0000000706800000| Untracked 
|  89|0x0000000706900000, 0x0000000706900000, 0x0000000706a00000|  0%| F|  |TAMS 0x0000000706900000, 0x0000000706900000| Untracked 
|  90|0x0000000706a00000, 0x0000000706a00000, 0x0000000706b00000|  0%| F|  |TAMS 0x0000000706a00000, 0x0000000706a00000| Untracked 
|  91|0x0000000706b00000, 0x0000000706b00000, 0x0000000706c00000|  0%| F|  |TAMS 0x0000000706b00000, 0x0000000706b00000| Untracked 
|  92|0x0000000706c00000, 0x0000000706c00000, 0x0000000706d00000|  0%| F|  |TAMS 0x0000000706c00000, 0x0000000706c00000| Untracked 
|  93|0x0000000706d00000, 0x0000000706d00000, 0x0000000706e00000|  0%| F|  |TAMS 0x0000000706d00000, 0x0000000706d00000| Untracked 
|  94|0x0000000706e00000, 0x0000000706e00000, 0x0000000706f00000|  0%| F|  |TAMS 0x0000000706e00000, 0x0000000706e00000| Untracked 
|  95|0x0000000706f00000, 0x0000000706f00000, 0x0000000707000000|  0%| F|  |TAMS 0x0000000706f00000, 0x0000000706f00000| Untracked 
|  96|0x0000000707000000, 0x0000000707000000, 0x0000000707100000|  0%| F|  |TAMS 0x0000000707000000, 0x0000000707000000| Untracked 
|  97|0x0000000707100000, 0x0000000707100000, 0x0000000707200000|  0%| F|  |TAMS 0x0000000707100000, 0x0000000707100000| Untracked 
|  98|0x0000000707200000, 0x0000000707200000, 0x0000000707300000|  0%| F|  |TAMS 0x0000000707200000, 0x0000000707200000| Untracked 
|  99|0x0000000707300000, 0x0000000707300000, 0x0000000707400000|  0%| F|  |TAMS 0x0000000707300000, 0x0000000707300000| Untracked 
| 100|0x0000000707400000, 0x0000000707400000, 0x0000000707500000|  0%| F|  |TAMS 0x0000000707400000, 0x0000000707400000| Untracked 
| 101|0x0000000707500000, 0x0000000707500000, 0x0000000707600000|  0%| F|  |TAMS 0x0000000707500000, 0x0000000707500000| Untracked 
| 102|0x0000000707600000, 0x0000000707600000, 0x0000000707700000|  0%| F|  |TAMS 0x0000000707600000, 0x0000000707600000| Untracked 
| 103|0x0000000707700000, 0x0000000707700000, 0x0000000707800000|  0%| F|  |TAMS 0x0000000707700000, 0x0000000707700000| Untracked 
| 104|0x0000000707800000, 0x0000000707800000, 0x0000000707900000|  0%| F|  |TAMS 0x0000000707800000, 0x0000000707800000| Untracked 
| 105|0x0000000707900000, 0x0000000707900000, 0x0000000707a00000|  0%| F|  |TAMS 0x0000000707900000, 0x0000000707900000| Untracked 
| 106|0x0000000707a00000, 0x0000000707a00000, 0x0000000707b00000|  0%| F|  |TAMS 0x0000000707a00000, 0x0000000707a00000| Untracked 
| 107|0x0000000707b00000, 0x0000000707b00000, 0x0000000707c00000|  0%| F|  |TAMS 0x0000000707b00000, 0x0000000707b00000| Untracked 
| 108|0x0000000707c00000, 0x0000000707c00000, 0x0000000707d00000|  0%| F|  |TAMS 0x0000000707c00000, 0x0000000707c00000| Untracked 
| 109|0x0000000707d00000, 0x0000000707d00000, 0x0000000707e00000|  0%| F|  |TAMS 0x0000000707d00000, 0x0000000707d00000| Untracked 
| 110|0x0000000707e00000, 0x0000000707e00000, 0x0000000707f00000|  0%| F|  |TAMS 0x0000000707e00000, 0x0000000707e00000| Untracked 
| 111|0x0000000707f00000, 0x0000000707f00000, 0x0000000708000000|  0%| F|  |TAMS 0x0000000707f00000, 0x0000000707f00000| Untracked 
| 112|0x0000000708000000, 0x0000000708000000, 0x0000000708100000|  0%| F|  |TAMS 0x0000000708000000, 0x0000000708000000| Untracked 
| 113|0x0000000708100000, 0x0000000708100000, 0x0000000708200000|  0%| F|  |TAMS 0x0000000708100000, 0x0000000708100000| Untracked 
| 114|0x0000000708200000, 0x0000000708200000, 0x0000000708300000|  0%| F|  |TAMS 0x0000000708200000, 0x0000000708200000| Untracked 
| 115|0x0000000708300000, 0x0000000708300000, 0x0000000708400000|  0%| F|  |TAMS 0x0000000708300000, 0x0000000708300000| Untracked 
| 116|0x0000000708400000, 0x0000000708400000, 0x0000000708500000|  0%| F|  |TAMS 0x0000000708400000, 0x0000000708400000| Untracked 
| 117|0x0000000708500000, 0x0000000708500000, 0x0000000708600000|  0%| F|  |TAMS 0x0000000708500000, 0x0000000708500000| Untracked 
| 118|0x0000000708600000, 0x0000000708600000, 0x0000000708700000|  0%| F|  |TAMS 0x0000000708600000, 0x0000000708600000| Untracked 
| 119|0x0000000708700000, 0x0000000708700000, 0x0000000708800000|  0%| F|  |TAMS 0x0000000708700000, 0x0000000708700000| Untracked 
| 120|0x0000000708800000, 0x0000000708800000, 0x0000000708900000|  0%| F|  |TAMS 0x0000000708800000, 0x0000000708800000| Untracked 
| 121|0x0000000708900000, 0x0000000708900000, 0x0000000708a00000|  0%| F|  |TAMS 0x0000000708900000, 0x0000000708900000| Untracked 
| 122|0x0000000708a00000, 0x0000000708a00000, 0x0000000708b00000|  0%| F|  |TAMS 0x0000000708a00000, 0x0000000708a00000| Untracked 
| 123|0x0000000708b00000, 0x0000000708b00000, 0x0000000708c00000|  0%| F|  |TAMS 0x0000000708b00000, 0x0000000708b00000| Untracked 
| 124|0x0000000708c00000, 0x0000000708c00000, 0x0000000708d00000|  0%| F|  |TAMS 0x0000000708c00000, 0x0000000708c00000| Untracked 
| 125|0x0000000708d00000, 0x0000000708d00000, 0x0000000708e00000|  0%| F|  |TAMS 0x0000000708d00000, 0x0000000708d00000| Untracked 
| 126|0x0000000708e00000, 0x0000000708e00000, 0x0000000708f00000|  0%| F|  |TAMS 0x0000000708e00000, 0x0000000708e00000| Untracked 
| 127|0x0000000708f00000, 0x0000000708f00000, 0x0000000709000000|  0%| F|  |TAMS 0x0000000708f00000, 0x0000000708f00000| Untracked 
| 128|0x0000000709000000, 0x0000000709000000, 0x0000000709100000|  0%| F|  |TAMS 0x0000000709000000, 0x0000000709000000| Untracked 
| 129|0x0000000709100000, 0x0000000709200000, 0x0000000709200000|100%| E|  |TAMS 0x0000000709100000, 0x0000000709100000| Complete 
| 130|0x0000000709200000, 0x0000000709300000, 0x0000000709300000|100%| E|CS|TAMS 0x0000000709200000, 0x0000000709200000| Complete 
| 131|0x0000000709300000, 0x0000000709400000, 0x0000000709400000|100%| E|CS|TAMS 0x0000000709300000, 0x0000000709300000| Complete 
| 132|0x0000000709400000, 0x0000000709500000, 0x0000000709500000|100%| E|CS|TAMS 0x0000000709400000, 0x0000000709400000| Complete 
| 133|0x0000000709500000, 0x0000000709600000, 0x0000000709600000|100%| E|CS|TAMS 0x0000000709500000, 0x0000000709500000| Complete 
| 134|0x0000000709600000, 0x0000000709700000, 0x0000000709700000|100%| E|CS|TAMS 0x0000000709600000, 0x0000000709600000| Complete 
| 135|0x0000000709700000, 0x0000000709800000, 0x0000000709800000|100%| E|CS|TAMS 0x0000000709700000, 0x0000000709700000| Complete 
| 136|0x0000000709800000, 0x0000000709900000, 0x0000000709900000|100%| E|CS|TAMS 0x0000000709800000, 0x0000000709800000| Complete 
| 137|0x0000000709900000, 0x0000000709a00000, 0x0000000709a00000|100%| E|CS|TAMS 0x0000000709900000, 0x0000000709900000| Complete 
| 138|0x0000000709a00000, 0x0000000709b00000, 0x0000000709b00000|100%| E|CS|TAMS 0x0000000709a00000, 0x0000000709a00000| Complete 
| 139|0x0000000709b00000, 0x0000000709c00000, 0x0000000709c00000|100%| E|CS|TAMS 0x0000000709b00000, 0x0000000709b00000| Complete 
| 140|0x0000000709c00000, 0x0000000709d00000, 0x0000000709d00000|100%| E|CS|TAMS 0x0000000709c00000, 0x0000000709c00000| Complete 
| 141|0x0000000709d00000, 0x0000000709e00000, 0x0000000709e00000|100%| E|CS|TAMS 0x0000000709d00000, 0x0000000709d00000| Complete 
| 142|0x0000000709e00000, 0x0000000709f00000, 0x0000000709f00000|100%| E|CS|TAMS 0x0000000709e00000, 0x0000000709e00000| Complete 
| 143|0x0000000709f00000, 0x000000070a000000, 0x000000070a000000|100%| E|CS|TAMS 0x0000000709f00000, 0x0000000709f00000| Complete 
| 144|0x000000070a000000, 0x000000070a100000, 0x000000070a100000|100%| E|CS|TAMS 0x000000070a000000, 0x000000070a000000| Complete 
| 145|0x000000070a100000, 0x000000070a200000, 0x000000070a200000|100%| E|CS|TAMS 0x000000070a100000, 0x000000070a100000| Complete 
| 146|0x000000070a200000, 0x000000070a300000, 0x000000070a300000|100%| E|CS|TAMS 0x000000070a200000, 0x000000070a200000| Complete 
| 147|0x000000070a300000, 0x000000070a400000, 0x000000070a400000|100%| E|CS|TAMS 0x000000070a300000, 0x000000070a300000| Complete 
| 148|0x000000070a400000, 0x000000070a500000, 0x000000070a500000|100%| E|CS|TAMS 0x000000070a400000, 0x000000070a400000| Complete 
| 149|0x000000070a500000, 0x000000070a600000, 0x000000070a600000|100%| E|CS|TAMS 0x000000070a500000, 0x000000070a500000| Complete 
| 150|0x000000070a600000, 0x000000070a700000, 0x000000070a700000|100%| E|CS|TAMS 0x000000070a600000, 0x000000070a600000| Complete 
| 151|0x000000070a700000, 0x000000070a800000, 0x000000070a800000|100%| E|CS|TAMS 0x000000070a700000, 0x000000070a700000| Complete 
| 152|0x000000070a800000, 0x000000070a900000, 0x000000070a900000|100%| E|CS|TAMS 0x000000070a800000, 0x000000070a800000| Complete 
| 153|0x000000070a900000, 0x000000070aa00000, 0x000000070aa00000|100%| E|CS|TAMS 0x000000070a900000, 0x000000070a900000| Complete 
| 154|0x000000070aa00000, 0x000000070ab00000, 0x000000070ab00000|100%| E|CS|TAMS 0x000000070aa00000, 0x000000070aa00000| Complete 
| 155|0x000000070ab00000, 0x000000070ac00000, 0x000000070ac00000|100%| E|CS|TAMS 0x000000070ab00000, 0x000000070ab00000| Complete 
| 156|0x000000070ac00000, 0x000000070ad00000, 0x000000070ad00000|100%| E|CS|TAMS 0x000000070ac00000, 0x000000070ac00000| Complete 
| 157|0x000000070ad00000, 0x000000070ae00000, 0x000000070ae00000|100%| E|CS|TAMS 0x000000070ad00000, 0x000000070ad00000| Complete 
| 158|0x000000070ae00000, 0x000000070af00000, 0x000000070af00000|100%| E|CS|TAMS 0x000000070ae00000, 0x000000070ae00000| Complete 
| 159|0x000000070af00000, 0x000000070b000000, 0x000000070b000000|100%| E|CS|TAMS 0x000000070af00000, 0x000000070af00000| Complete 
| 160|0x000000070b000000, 0x000000070b100000, 0x000000070b100000|100%| E|CS|TAMS 0x000000070b000000, 0x000000070b000000| Complete 
| 161|0x000000070b100000, 0x000000070b200000, 0x000000070b200000|100%| E|CS|TAMS 0x000000070b100000, 0x000000070b100000| Complete 
| 162|0x000000070b200000, 0x000000070b300000, 0x000000070b300000|100%| E|CS|TAMS 0x000000070b200000, 0x000000070b200000| Complete 
| 163|0x000000070b300000, 0x000000070b400000, 0x000000070b400000|100%| E|CS|TAMS 0x000000070b300000, 0x000000070b300000| Complete 
| 164|0x000000070b400000, 0x000000070b500000, 0x000000070b500000|100%| E|CS|TAMS 0x000000070b400000, 0x000000070b400000| Complete 
| 165|0x000000070b500000, 0x000000070b600000, 0x000000070b600000|100%| E|CS|TAMS 0x000000070b500000, 0x000000070b500000| Complete 
| 166|0x000000070b600000, 0x000000070b700000, 0x000000070b700000|100%| E|CS|TAMS 0x000000070b600000, 0x000000070b600000| Complete 
| 167|0x000000070b700000, 0x000000070b800000, 0x000000070b800000|100%| E|CS|TAMS 0x000000070b700000, 0x000000070b700000| Complete 
| 168|0x000000070b800000, 0x000000070b900000, 0x000000070b900000|100%| E|CS|TAMS 0x000000070b800000, 0x000000070b800000| Complete 
| 169|0x000000070b900000, 0x000000070ba00000, 0x000000070ba00000|100%| E|CS|TAMS 0x000000070b900000, 0x000000070b900000| Complete 
| 170|0x000000070ba00000, 0x000000070bb00000, 0x000000070bb00000|100%| E|CS|TAMS 0x000000070ba00000, 0x000000070ba00000| Complete 
| 171|0x000000070bb00000, 0x000000070bc00000, 0x000000070bc00000|100%| E|CS|TAMS 0x000000070bb00000, 0x000000070bb00000| Complete 
| 172|0x000000070bc00000, 0x000000070bd00000, 0x000000070bd00000|100%| E|CS|TAMS 0x000000070bc00000, 0x000000070bc00000| Complete 
| 173|0x000000070bd00000, 0x000000070be00000, 0x000000070be00000|100%| E|CS|TAMS 0x000000070bd00000, 0x000000070bd00000| Complete 
| 174|0x000000070be00000, 0x000000070bf00000, 0x000000070bf00000|100%| E|CS|TAMS 0x000000070be00000, 0x000000070be00000| Complete 
| 175|0x000000070bf00000, 0x000000070c000000, 0x000000070c000000|100%| E|CS|TAMS 0x000000070bf00000, 0x000000070bf00000| Complete 
| 176|0x000000070c000000, 0x000000070c100000, 0x000000070c100000|100%| E|CS|TAMS 0x000000070c000000, 0x000000070c000000| Complete 
| 177|0x000000070c100000, 0x000000070c200000, 0x000000070c200000|100%| E|CS|TAMS 0x000000070c100000, 0x000000070c100000| Complete 
| 178|0x000000070c200000, 0x000000070c300000, 0x000000070c300000|100%| E|CS|TAMS 0x000000070c200000, 0x000000070c200000| Complete 
| 179|0x000000070c300000, 0x000000070c400000, 0x000000070c400000|100%| E|CS|TAMS 0x000000070c300000, 0x000000070c300000| Complete 
| 180|0x000000070c400000, 0x000000070c500000, 0x000000070c500000|100%| E|CS|TAMS 0x000000070c400000, 0x000000070c400000| Complete 
| 181|0x000000070c500000, 0x000000070c600000, 0x000000070c600000|100%| E|CS|TAMS 0x000000070c500000, 0x000000070c500000| Complete 
| 182|0x000000070c600000, 0x000000070c700000, 0x000000070c700000|100%| E|CS|TAMS 0x000000070c600000, 0x000000070c600000| Complete 
| 183|0x000000070c700000, 0x000000070c800000, 0x000000070c800000|100%| E|CS|TAMS 0x000000070c700000, 0x000000070c700000| Complete 
| 184|0x000000070c800000, 0x000000070c900000, 0x000000070c900000|100%| E|CS|TAMS 0x000000070c800000, 0x000000070c800000| Complete 
| 185|0x000000070c900000, 0x000000070ca00000, 0x000000070ca00000|100%| E|CS|TAMS 0x000000070c900000, 0x000000070c900000| Complete 
| 186|0x000000070ca00000, 0x000000070cb00000, 0x000000070cb00000|100%| E|CS|TAMS 0x000000070ca00000, 0x000000070ca00000| Complete 
| 187|0x000000070cb00000, 0x000000070cc00000, 0x000000070cc00000|100%| E|CS|TAMS 0x000000070cb00000, 0x000000070cb00000| Complete 
| 188|0x000000070cc00000, 0x000000070cd00000, 0x000000070cd00000|100%| E|CS|TAMS 0x000000070cc00000, 0x000000070cc00000| Complete 
| 189|0x000000070cd00000, 0x000000070ce00000, 0x000000070ce00000|100%| E|CS|TAMS 0x000000070cd00000, 0x000000070cd00000| Complete 
| 190|0x000000070ce00000, 0x000000070cf00000, 0x000000070cf00000|100%| E|CS|TAMS 0x000000070ce00000, 0x000000070ce00000| Complete 
| 191|0x000000070cf00000, 0x000000070d000000, 0x000000070d000000|100%| E|CS|TAMS 0x000000070cf00000, 0x000000070cf00000| Complete 
| 192|0x000000070d000000, 0x000000070d100000, 0x000000070d100000|100%| E|CS|TAMS 0x000000070d000000, 0x000000070d000000| Complete 
| 193|0x000000070d100000, 0x000000070d200000, 0x000000070d200000|100%| E|CS|TAMS 0x000000070d100000, 0x000000070d100000| Complete 
| 194|0x000000070d200000, 0x000000070d300000, 0x000000070d300000|100%| E|CS|TAMS 0x000000070d200000, 0x000000070d200000| Complete 
| 195|0x000000070d300000, 0x000000070d400000, 0x000000070d400000|100%| E|CS|TAMS 0x000000070d300000, 0x000000070d300000| Complete 
| 196|0x000000070d400000, 0x000000070d500000, 0x000000070d500000|100%| E|CS|TAMS 0x000000070d400000, 0x000000070d400000| Complete 
| 197|0x000000070d500000, 0x000000070d600000, 0x000000070d600000|100%| E|CS|TAMS 0x000000070d500000, 0x000000070d500000| Complete 
| 198|0x000000070d600000, 0x000000070d700000, 0x000000070d700000|100%| E|CS|TAMS 0x000000070d600000, 0x000000070d600000| Complete 
| 199|0x000000070d700000, 0x000000070d800000, 0x000000070d800000|100%| E|CS|TAMS 0x000000070d700000, 0x000000070d700000| Complete 
| 200|0x000000070d800000, 0x000000070d900000, 0x000000070d900000|100%| E|CS|TAMS 0x000000070d800000, 0x000000070d800000| Complete 
| 201|0x000000070d900000, 0x000000070da00000, 0x000000070da00000|100%| E|CS|TAMS 0x000000070d900000, 0x000000070d900000| Complete 
| 202|0x000000070da00000, 0x000000070db00000, 0x000000070db00000|100%| E|CS|TAMS 0x000000070da00000, 0x000000070da00000| Complete 
| 203|0x000000070db00000, 0x000000070dc00000, 0x000000070dc00000|100%| E|CS|TAMS 0x000000070db00000, 0x000000070db00000| Complete 
| 204|0x000000070dc00000, 0x000000070dd00000, 0x000000070dd00000|100%| E|  |TAMS 0x000000070dc00000, 0x000000070dc00000| Complete 
| 205|0x000000070dd00000, 0x000000070de00000, 0x000000070de00000|100%| E|CS|TAMS 0x000000070dd00000, 0x000000070dd00000| Complete 
| 206|0x000000070de00000, 0x000000070df00000, 0x000000070df00000|100%| E|CS|TAMS 0x000000070de00000, 0x000000070de00000| Complete 
| 207|0x000000070df00000, 0x000000070e000000, 0x000000070e000000|100%| E|CS|TAMS 0x000000070df00000, 0x000000070df00000| Complete 
| 208|0x000000070e000000, 0x000000070e100000, 0x000000070e100000|100%| E|CS|TAMS 0x000000070e000000, 0x000000070e000000| Complete 
| 209|0x000000070e100000, 0x000000070e200000, 0x000000070e200000|100%| E|CS|TAMS 0x000000070e100000, 0x000000070e100000| Complete 
| 210|0x000000070e200000, 0x000000070e300000, 0x000000070e300000|100%| E|CS|TAMS 0x000000070e200000, 0x000000070e200000| Complete 
| 211|0x000000070e300000, 0x000000070e400000, 0x000000070e400000|100%| E|CS|TAMS 0x000000070e300000, 0x000000070e300000| Complete 
| 212|0x000000070e400000, 0x000000070e500000, 0x000000070e500000|100%| E|CS|TAMS 0x000000070e400000, 0x000000070e400000| Complete 
| 213|0x000000070e500000, 0x000000070e600000, 0x000000070e600000|100%| E|CS|TAMS 0x000000070e500000, 0x000000070e500000| Complete 
| 214|0x000000070e600000, 0x000000070e700000, 0x000000070e700000|100%| E|CS|TAMS 0x000000070e600000, 0x000000070e600000| Complete 
| 215|0x000000070e700000, 0x000000070e800000, 0x000000070e800000|100%| E|CS|TAMS 0x000000070e700000, 0x000000070e700000| Complete 
| 216|0x000000070e800000, 0x000000070e900000, 0x000000070e900000|100%| E|CS|TAMS 0x000000070e800000, 0x000000070e800000| Complete 
| 217|0x000000070e900000, 0x000000070ea00000, 0x000000070ea00000|100%| E|CS|TAMS 0x000000070e900000, 0x000000070e900000| Complete 
| 218|0x000000070ea00000, 0x000000070eb00000, 0x000000070eb00000|100%| E|CS|TAMS 0x000000070ea00000, 0x000000070ea00000| Complete 
| 219|0x000000070eb00000, 0x000000070ec00000, 0x000000070ec00000|100%| E|CS|TAMS 0x000000070eb00000, 0x000000070eb00000| Complete 
| 220|0x000000070ec00000, 0x000000070ed00000, 0x000000070ed00000|100%| E|CS|TAMS 0x000000070ec00000, 0x000000070ec00000| Complete 
| 221|0x000000070ed00000, 0x000000070ee00000, 0x000000070ee00000|100%| E|CS|TAMS 0x000000070ed00000, 0x000000070ed00000| Complete 
| 222|0x000000070ee00000, 0x000000070ef00000, 0x000000070ef00000|100%| E|CS|TAMS 0x000000070ee00000, 0x000000070ee00000| Complete 
| 223|0x000000070ef00000, 0x000000070f000000, 0x000000070f000000|100%| E|CS|TAMS 0x000000070ef00000, 0x000000070ef00000| Complete 
| 224|0x000000070f000000, 0x000000070f100000, 0x000000070f100000|100%| E|CS|TAMS 0x000000070f000000, 0x000000070f000000| Complete 
| 225|0x000000070f100000, 0x000000070f200000, 0x000000070f200000|100%| E|CS|TAMS 0x000000070f100000, 0x000000070f100000| Complete 
| 226|0x000000070f200000, 0x000000070f300000, 0x000000070f300000|100%| E|CS|TAMS 0x000000070f200000, 0x000000070f200000| Complete 
| 227|0x000000070f300000, 0x000000070f400000, 0x000000070f400000|100%| E|CS|TAMS 0x000000070f300000, 0x000000070f300000| Complete 
| 228|0x000000070f400000, 0x000000070f500000, 0x000000070f500000|100%| E|CS|TAMS 0x000000070f400000, 0x000000070f400000| Complete 
| 229|0x000000070f500000, 0x000000070f600000, 0x000000070f600000|100%| S|CS|TAMS 0x000000070f500000, 0x000000070f500000| Complete 
| 230|0x000000070f600000, 0x000000070f700000, 0x000000070f700000|100%| S|CS|TAMS 0x000000070f600000, 0x000000070f600000| Complete 
| 231|0x000000070f700000, 0x000000070f800000, 0x000000070f800000|100%| S|CS|TAMS 0x000000070f700000, 0x000000070f700000| Complete 
| 232|0x000000070f800000, 0x000000070f900000, 0x000000070f900000|100%| E|CS|TAMS 0x000000070f800000, 0x000000070f800000| Complete 
| 233|0x000000070f900000, 0x000000070fa00000, 0x000000070fa00000|100%| E|CS|TAMS 0x000000070f900000, 0x000000070f900000| Complete 
| 234|0x000000070fa00000, 0x000000070fb00000, 0x000000070fb00000|100%| E|CS|TAMS 0x000000070fa00000, 0x000000070fa00000| Complete 
| 235|0x000000070fb00000, 0x000000070fc00000, 0x000000070fc00000|100%| E|CS|TAMS 0x000000070fb00000, 0x000000070fb00000| Complete 
| 236|0x000000070fc00000, 0x000000070fd00000, 0x000000070fd00000|100%| E|CS|TAMS 0x000000070fc00000, 0x000000070fc00000| Complete 
| 237|0x000000070fd00000, 0x000000070fe00000, 0x000000070fe00000|100%| E|CS|TAMS 0x000000070fd00000, 0x000000070fd00000| Complete 
| 238|0x000000070fe00000, 0x000000070ff00000, 0x000000070ff00000|100%| E|CS|TAMS 0x000000070fe00000, 0x000000070fe00000| Complete 
| 239|0x000000070ff00000, 0x0000000710000000, 0x0000000710000000|100%| E|CS|TAMS 0x000000070ff00000, 0x000000070ff00000| Complete 
| 240|0x0000000710000000, 0x0000000710100000, 0x0000000710100000|100%| E|CS|TAMS 0x0000000710000000, 0x0000000710000000| Complete 
| 241|0x0000000710100000, 0x0000000710200000, 0x0000000710200000|100%| E|CS|TAMS 0x0000000710100000, 0x0000000710100000| Complete 
| 242|0x0000000710200000, 0x0000000710300000, 0x0000000710300000|100%| E|CS|TAMS 0x0000000710200000, 0x0000000710200000| Complete 
| 243|0x0000000710300000, 0x0000000710400000, 0x0000000710400000|100%| E|CS|TAMS 0x0000000710300000, 0x0000000710300000| Complete 
| 244|0x0000000710400000, 0x0000000710500000, 0x0000000710500000|100%| E|CS|TAMS 0x0000000710400000, 0x0000000710400000| Complete 
| 245|0x0000000710500000, 0x0000000710600000, 0x0000000710600000|100%| E|CS|TAMS 0x0000000710500000, 0x0000000710500000| Complete 
| 246|0x0000000710600000, 0x0000000710700000, 0x0000000710700000|100%| E|CS|TAMS 0x0000000710600000, 0x0000000710600000| Complete 
| 247|0x0000000710700000, 0x0000000710800000, 0x0000000710800000|100%| E|CS|TAMS 0x0000000710700000, 0x0000000710700000| Complete 
| 248|0x0000000710800000, 0x0000000710900000, 0x0000000710900000|100%| E|CS|TAMS 0x0000000710800000, 0x0000000710800000| Complete 
| 249|0x0000000710900000, 0x0000000710a00000, 0x0000000710a00000|100%| E|CS|TAMS 0x0000000710900000, 0x0000000710900000| Complete 
| 250|0x0000000710a00000, 0x0000000710b00000, 0x0000000710b00000|100%| E|CS|TAMS 0x0000000710a00000, 0x0000000710a00000| Complete 
| 251|0x0000000710b00000, 0x0000000710c00000, 0x0000000710c00000|100%| E|CS|TAMS 0x0000000710b00000, 0x0000000710b00000| Complete 
| 252|0x0000000710c00000, 0x0000000710d00000, 0x0000000710d00000|100%| E|CS|TAMS 0x0000000710c00000, 0x0000000710c00000| Complete 
| 253|0x0000000710d00000, 0x0000000710e00000, 0x0000000710e00000|100%| E|CS|TAMS 0x0000000710d00000, 0x0000000710d00000| Complete 
| 254|0x0000000710e00000, 0x0000000710f00000, 0x0000000710f00000|100%| E|CS|TAMS 0x0000000710e00000, 0x0000000710e00000| Complete 
| 255|0x0000000710f00000, 0x0000000711000000, 0x0000000711000000|100%| E|CS|TAMS 0x0000000710f00000, 0x0000000710f00000| Complete 

Card table byte_map: [0x0000020ef67d0000,0x0000020ef6fd0000] _byte_map_base: 0x0000020ef2fc8000

Marking Bits (Prev, Next): (CMBitMap*) 0x0000020eeb98d0e8, (CMBitMap*) 0x0000020eeb98d120
 Prev Bits: [0x0000020ef77d0000, 0x0000020efb790000)
 Next Bits: [0x0000020efb790000, 0x0000020eff750000)

Polling page: 0x0000020eebb20000

Metaspace:

Usage:
  Non-class:     17.14 MB capacity,    16.77 MB ( 98%) used,   303.97 KB (  2%) free+waste,    68.44 KB ( <1%) overhead. 
      Class:      2.14 MB capacity,     1.85 MB ( 86%) used,   259.62 KB ( 12%) free+waste,    36.75 KB (  2%) overhead. 
       Both:     19.27 MB capacity,    18.62 MB ( 97%) used,   563.59 KB (  3%) free+waste,   105.19 KB ( <1%) overhead. 

Virtual space:
  Non-class space:       18.00 MB reserved,      17.25 MB ( 96%) committed 
      Class space:        1.00 GB reserved,       2.25 MB ( <1%) committed 
             Both:        1.02 GB reserved,      19.50 MB (  2%) committed 

Chunk freelists:
   Non-Class:  6.63 KB
       Class:  0 bytes
        Both:  6.63 KB

CodeHeap 'non-profiled nmethods': size=120000Kb used=1679Kb max_used=1679Kb free=118320Kb
 bounds [0x0000020e87ad0000, 0x0000020e87d40000, 0x0000020e8f000000]
CodeHeap 'profiled nmethods': size=120000Kb used=6353Kb max_used=6353Kb free=113646Kb
 bounds [0x0000020e805a0000, 0x0000020e80be0000, 0x0000020e87ad0000]
CodeHeap 'non-nmethods': size=5760Kb used=1546Kb max_used=1679Kb free=4213Kb
 bounds [0x0000020e80000000, 0x0000020e80270000, 0x0000020e805a0000]
 total_blobs=3730 nmethods=2669 adapters=444
 compilation: enabled
              stopped_count=0, restarted_count=0
 full_count=0

Compilation events (10 events):
Event: 4.211 Thread 0x0000020e91bc5800 nmethod 2669 0x0000020e87c63510 code [0x0000020e87c636c0, 0x0000020e87c638b8]
Event: 4.211 Thread 0x0000020e91bc5800 2630       4       java.lang.invoke.MethodType::insertParameterTypes (121 bytes)
Event: 4.213 Thread 0x0000020e9279d000 nmethod 2633 0x0000020e87c63a90 code [0x0000020e87c63c40, 0x0000020e87c64138]
Event: 4.213 Thread 0x0000020e9279d000 2666       4       jdk.internal.org.objectweb.asm.Frame::get (46 bytes)
Event: 4.214 Thread 0x0000020e9279d000 nmethod 2666 0x0000020e87c64390 code [0x0000020e87c64520, 0x0000020e87c645f8]
Event: 4.214 Thread 0x0000020e9279d000 2655       4       sun.invoke.util.VerifyType::isNullType (18 bytes)
Event: 4.214 Thread 0x0000020e9279d000 nmethod 2655 0x0000020e87c64690 code [0x0000020e87c64820, 0x0000020e87c64898]
Event: 4.218 Thread 0x0000020e91bc5800 nmethod 2630 0x0000020e87c64990 code [0x0000020e87c64b60, 0x0000020e87c65348]
Event: 4.400 Thread 0x0000020e91db9000 nmethod 2635 0x0000020e87c65890 code [0x0000020e87c66720, 0x0000020e87c6feb0]
Event: 42.182 Thread 0x0000020e91bc5800 2676       4       org.eclipse.jdt.launching.internal.org.objectweb.asm.ClassReader::readConst (276 bytes)

GC Heap History (2 events):
Event: 0.495 GC heap before
{Heap before GC invocations=0 (full 0):
 garbage-first heap   total 262144K, used 25600K [0x0000000701000000, 0x0000000800000000)
  region size 1024K, 24 young (24576K), 0 survivors (0K)
 Metaspace       used 11729K, capacity 11896K, committed 12160K, reserved 1060864K
  class space    used 1052K, capacity 1092K, committed 1152K, reserved 1048576K
}
Event: 0.498 GC heap after
{Heap after GC invocations=1 (full 0):
 garbage-first heap   total 262144K, used 5324K [0x0000000701000000, 0x0000000800000000)
  region size 1024K, 3 young (3072K), 3 survivors (3072K)
 Metaspace       used 11729K, capacity 11896K, committed 12160K, reserved 1060864K
  class space    used 1052K, capacity 1092K, committed 1152K, reserved 1048576K
}

Deoptimization events (10 events):
Event: 0.460 Thread 0x0000020eeba4b000 Uncommon trap: reason=unstable_if action=reinterpret pc=0x0000020e87b0af6c method=org.eclipse.jdt.launching.internal.org.objectweb.asm.SymbolTable.addConstantUtf8(Ljava/lang/String;)I @ 40 c2
Event: 0.518 Thread 0x0000020eeba4b000 Uncommon trap: reason=bimorphic_or_optimized_type_check action=maybe_recompile pc=0x0000020e87b14f18 method=java.util.HashMap.getNode(ILjava/lang/Object;)Ljava/util/HashMap$Node; @ 126 c2
Event: 0.518 Thread 0x0000020eeba4b000 Uncommon trap: reason=unstable_if action=reinterpret pc=0x0000020e87b1beb0 method=java.util.HashMap.getNode(ILjava/lang/Object;)Ljava/util/HashMap$Node; @ 62 c2
Event: 0.620 Thread 0x0000020eeba4b000 Uncommon trap: reason=unstable_if action=reinterpret pc=0x0000020e87b29a04 method=org.eclipse.jdt.launching.internal.org.objectweb.asm.Label.addLineNumber(I)V @ 4 c2
Event: 0.620 Thread 0x0000020eeba4b000 Uncommon trap: reason=unstable_if action=reinterpret pc=0x0000020e87b28a80 method=org.eclipse.jdt.launching.internal.org.objectweb.asm.Label.accept(Lorg/eclipse/jdt/launching/internal/org/objectweb/asm/MethodVisitor;Z)V @ 32 c2
Event: 0.674 Thread 0x0000020eeba4b000 Uncommon trap: reason=unstable_if action=reinterpret pc=0x0000020e87b249a4 method=org.eclipse.jdt.launching.internal.org.objectweb.asm.SymbolTable.addConstantUtf8Reference(ILjava/lang/String;)Lorg/eclipse/jdt/launching/internal/org/objectweb/asm/Symbol; @
Event: 1.108 Thread 0x0000020eeba4b000 Uncommon trap: reason=unstable_if action=reinterpret pc=0x0000020e87b8de54 method=jdk.internal.org.objectweb.asm.Frame.push(Ljdk/internal/org/objectweb/asm/ClassWriter;Ljava/lang/String;)V @ 18 c2
Event: 1.138 Thread 0x0000020eeba4b000 Uncommon trap: reason=intrinsic_or_type_checked_inlining action=make_not_entrant pc=0x0000020e87beec54 method=java.util.Arrays.copyOf([Ljava/lang/Object;ILjava/lang/Class;)[Ljava/lang/Object; @ 35 c2
Event: 1.304 Thread 0x0000020eeba4b000 Uncommon trap: reason=unstable_if action=reinterpret pc=0x0000020e87c0bfe8 method=java.io.WinNTFileSystem.normalize(Ljava/lang/String;)Ljava/lang/String; @ 128 c2
Event: 4.183 Thread 0x0000020eeba4b000 Uncommon trap: reason=null_check action=make_not_entrant pc=0x0000020e87c1d93c method=sun.invoke.util.VerifyType.isNullConversion(Ljava/lang/Class;Ljava/lang/Class;Z)Z @ 12 c2

Classes redefined (1 events):
Event: 42.194 Thread 0x0000020e912f4800 redefined class name=Instrument.ProcessExpression, count=1

Internal exceptions (10 events):
Event: 1.303 Thread 0x0000020eeba4b000 Exception <a 'java/lang/NoSuchMethodError'{0x000000070a231090}: java.lang.invoke.DirectMethodHandle$Holder.newInvokeSpecial(Ljava/lang/Object;Ljava/lang/Object;Ljava/lang/Object;Ljava/lang/Object;)Ljava/lang/Object;> (0x000000070a231090) thrown at [t:/wor
Event: 1.333 Thread 0x0000020eeba4b000 Exception <a 'java/lang/NoSuchMethodError'{0x000000070a0a9860}: java.lang.invoke.Invokers$Holder.linkToCallSite(Ljava/lang/Object;IILjava/lang/Object;)Ljava/lang/Object;> (0x000000070a0a9860) thrown at [t:/workspace/open/src/hotspot/share/interpreter/link
Event: 1.343 Thread 0x0000020eeba4b000 Exception <a 'java/lang/ClassNotFoundException'{0x0000000709faf3e0}: Instrument/ProcessExpressionSMTLIBBeanInfo> (0x0000000709faf3e0) thrown at [t:/workspace/open/src/hotspot/share/classfile/systemDictionary.cpp, line 231]
Event: 1.344 Thread 0x0000020eeba4b000 Exception <a 'java/lang/ClassNotFoundException'{0x0000000709fb4738}: Instrument/ProcessExpressionSMTLIBCustomizer> (0x0000000709fb4738) thrown at [t:/workspace/open/src/hotspot/share/classfile/systemDictionary.cpp, line 231]
Event: 1.363 Thread 0x0000020eeba4b000 Exception <a 'java/lang/ClassNotFoundException'{0x0000000709cf6a30}: org/codehaus/groovy/syntax/TokenBeanInfo> (0x0000000709cf6a30) thrown at [t:/workspace/open/src/hotspot/share/classfile/systemDictionary.cpp, line 231]
Event: 1.365 Thread 0x0000020eeba4b000 Exception <a 'java/lang/ClassNotFoundException'{0x0000000709aa6c18}: org/codehaus/groovy/syntax/CSTNodeBeanInfo> (0x0000000709aa6c18) thrown at [t:/workspace/open/src/hotspot/share/classfile/systemDictionary.cpp, line 231]
Event: 1.366 Thread 0x0000020eeba4b000 Exception <a 'java/lang/ClassNotFoundException'{0x0000000709856e58}: org/codehaus/groovy/syntax/CSTNodeCustomizer> (0x0000000709856e58) thrown at [t:/workspace/open/src/hotspot/share/classfile/systemDictionary.cpp, line 231]
Event: 1.368 Thread 0x0000020eeba4b000 Exception <a 'java/lang/ClassNotFoundException'{0x0000000709615e78}: org/codehaus/groovy/syntax/TokenCustomizer> (0x0000000709615e78) thrown at [t:/workspace/open/src/hotspot/share/classfile/systemDictionary.cpp, line 231]
Event: 1.380 Thread 0x0000020eeba4b000 Exception <a 'java/lang/ClassNotFoundException'{0x0000000709433a38}: org/codehaus/groovy/ast/expr/PropertyExpressionBeanInfo> (0x0000000709433a38) thrown at [t:/workspace/open/src/hotspot/share/classfile/systemDictionary.cpp, line 231]
Event: 1.381 Thread 0x0000020eeba4b000 Exception <a 'java/lang/ClassNotFoundException'{0x00000007094d9768}: org/codehaus/groovy/ast/expr/PropertyExpressionCustomizer> (0x00000007094d9768) thrown at [t:/workspace/open/src/hotspot/share/classfile/systemDictionary.cpp, line 231]

Events (10 events):
Event: 42.208 Executing nested VM operation: EnterInterpOnlyMode done
Event: 42.208 Executing VM operation: SetFramePop done
Event: 42.208 Executing VM operation: GetFrameLocation
Event: 42.208 Executing VM operation: GetFrameLocation done
Event: 42.208 Executing VM operation: GetCurrentLocation
Event: 42.208 Executing VM operation: GetCurrentLocation done
Event: 42.208 Executing VM operation: ChangeSingleStep
Event: 42.208 Executing VM operation: ChangeSingleStep done
Event: 42.208 Executing VM operation: GetFrameLocation
Event: 42.209 Executing VM operation: GetFrameLocation done


Dynamic libraries:
0x00007ff7fe6f0000 - 0x00007ff7fe737000 	E:\Program Files\Java\jdk-11\bin\javaw.exe
0x00007ffa60030000 - 0x00007ffa60211000 	C:\WINDOWS\SYSTEM32\ntdll.dll
0x00007ffa5e660000 - 0x00007ffa5e711000 	C:\WINDOWS\System32\KERNEL32.DLL
0x00007ffa5c4d0000 - 0x00007ffa5c743000 	C:\WINDOWS\System32\KERNELBASE.dll
0x00007ffa5d990000 - 0x00007ffa5da31000 	C:\WINDOWS\System32\ADVAPI32.dll
0x00007ffa5ff60000 - 0x00007ffa5fffe000 	C:\WINDOWS\System32\msvcrt.dll
0x00007ffa5e480000 - 0x00007ffa5e4db000 	C:\WINDOWS\System32\sechost.dll
0x00007ffa5fc30000 - 0x00007ffa5fd54000 	C:\WINDOWS\System32\RPCRT4.dll
0x00007ffa5da50000 - 0x00007ffa5dbe0000 	C:\WINDOWS\System32\USER32.dll
0x00007ffa5d390000 - 0x00007ffa5d3b0000 	C:\WINDOWS\System32\win32u.dll
0x00007ffa5fea0000 - 0x00007ffa5fec8000 	C:\WINDOWS\System32\GDI32.dll
0x00007ffa5d000000 - 0x00007ffa5d192000 	C:\WINDOWS\System32\gdi32full.dll
0x00007ffa5ce60000 - 0x00007ffa5ceff000 	C:\WINDOWS\System32\msvcp_win.dll
0x00007ffa5cf00000 - 0x00007ffa5cff8000 	C:\WINDOWS\System32\ucrtbase.dll
0x00007ffa53ba0000 - 0x00007ffa53e09000 	C:\WINDOWS\WinSxS\amd64_microsoft.windows.common-controls_6595b64144ccf1df_6.0.17134.706_none_fb43a2cb30647007\COMCTL32.dll
0x00007ffa5d4c0000 - 0x00007ffa5d7e2000 	C:\WINDOWS\System32\combase.dll
0x00007ffa5c450000 - 0x00007ffa5c4ca000 	C:\WINDOWS\System32\bcryptPrimitives.dll
0x00007ffa58170000 - 0x00007ffa5817a000 	C:\WINDOWS\SYSTEM32\VERSION.dll
0x00007ffa5d960000 - 0x00007ffa5d98d000 	C:\WINDOWS\System32\IMM32.DLL
0x00007ffa54be0000 - 0x00007ffa54bf6000 	E:\Program Files\Java\jdk-11\bin\vcruntime140.dll
0x00007ffa514b0000 - 0x00007ffa5155a000 	E:\Program Files\Java\jdk-11\bin\msvcp140.dll
0x00007ffa23460000 - 0x00007ffa23fa2000 	E:\Program Files\Java\jdk-11\bin\server\jvm.dll
0x00007ffa5da40000 - 0x00007ffa5da48000 	C:\WINDOWS\System32\PSAPI.DLL
0x00007ffa4d070000 - 0x00007ffa4d079000 	C:\WINDOWS\SYSTEM32\WSOCK32.dll
0x00007ffa5fd60000 - 0x00007ffa5fdcc000 	C:\WINDOWS\System32\WS2_32.dll
0x00007ffa574e0000 - 0x00007ffa57503000 	C:\WINDOWS\SYSTEM32\WINMM.dll
0x00007ffa574b0000 - 0x00007ffa574da000 	C:\WINDOWS\SYSTEM32\WINMMBASE.dll
0x00007ffa5c400000 - 0x00007ffa5c449000 	C:\WINDOWS\System32\cfgmgr32.dll
0x00007ffa5c3a0000 - 0x00007ffa5c3b1000 	C:\WINDOWS\System32\kernel.appcore.dll
0x00007ffa569b0000 - 0x00007ffa569c1000 	E:\Program Files\Java\jdk-11\bin\verify.dll
0x00007ffa493f0000 - 0x00007ffa495b9000 	C:\WINDOWS\SYSTEM32\DBGHELP.DLL
0x00007ffa49390000 - 0x00007ffa493b9000 	C:\WINDOWS\SYSTEM32\dbgcore.DLL
0x00007ffa568a0000 - 0x00007ffa568c9000 	E:\Program Files\Java\jdk-11\bin\java.dll
0x00007ffa51350000 - 0x00007ffa51387000 	E:\Program Files\Java\jdk-11\bin\jdwp.dll
0x00007ffa512f0000 - 0x00007ffa5131f000 	E:\Program Files\Java\jdk-11\bin\instrument.dll
0x00007ffa56880000 - 0x00007ffa56896000 	E:\Program Files\Java\jdk-11\bin\zip.dll
0x00007ffa569a0000 - 0x00007ffa569aa000 	E:\Program Files\Java\jdk-11\bin\jimage.dll
0x00007ffa5e720000 - 0x00007ffa5fb60000 	C:\WINDOWS\System32\SHELL32.dll
0x00007ffa5d8b0000 - 0x00007ffa5d959000 	C:\WINDOWS\System32\shcore.dll
0x00007ffa5c750000 - 0x00007ffa5ce5d000 	C:\WINDOWS\System32\windows.storage.dll
0x00007ffa5dbe0000 - 0x00007ffa5dc31000 	C:\WINDOWS\System32\shlwapi.dll
0x00007ffa5c3c0000 - 0x00007ffa5c3df000 	C:\WINDOWS\System32\profapi.dll
0x00007ffa5c350000 - 0x00007ffa5c39c000 	C:\WINDOWS\System32\powrprof.dll
0x00007ffa5c340000 - 0x00007ffa5c34a000 	C:\WINDOWS\System32\FLTLIB.DLL
0x00007ffa58090000 - 0x00007ffa5809a000 	E:\Program Files\Java\jdk-11\bin\dt_socket.dll
0x00007ffa5bbc0000 - 0x00007ffa5bc26000 	C:\WINDOWS\System32\mswsock.dll
0x00007ffa5b980000 - 0x00007ffa5ba3e000 	C:\WINDOWS\SYSTEM32\DNSAPI.dll
0x00007ffa5ff50000 - 0x00007ffa5ff58000 	C:\WINDOWS\System32\NSI.dll
0x00007ffa5b940000 - 0x00007ffa5b978000 	C:\WINDOWS\SYSTEM32\IPHLPAPI.DLL
0x00007ffa54f30000 - 0x00007ffa54fa2000 	C:\WINDOWS\System32\fwpuclnt.dll
0x00007ffa5bea0000 - 0x00007ffa5bec5000 	C:\WINDOWS\SYSTEM32\bcrypt.dll
0x00007ffa54ef0000 - 0x00007ffa54efa000 	C:\Windows\System32\rasadhlp.dll
0x00007ffa56860000 - 0x00007ffa56879000 	E:\Program Files\Java\jdk-11\bin\net.dll
0x00007ffa549f0000 - 0x00007ffa54acd000 	C:\WINDOWS\SYSTEM32\WINHTTP.dll
0x00007ffa56840000 - 0x00007ffa56853000 	E:\Program Files\Java\jdk-11\bin\nio.dll

dbghelp: loaded successfully - version: 4.0.5 - missing functions: none
symbol engine: initialized successfully - sym options: 0x614 - pdb path: .;E:\Program Files\Java\jdk-11\bin;C:\WINDOWS\SYSTEM32;C:\WINDOWS\WinSxS\amd64_microsoft.windows.common-controls_6595b64144ccf1df_6.0.17134.706_none_fb43a2cb30647007;E:\Program Files\Java\jdk-11\bin\server

VM Arguments:
jvm_args: -agentlib:jdwp=transport=dt_socket,suspend=y,address=localhost:64537 -javaagent:E:\Program Files\eclipse\configuration\org.eclipse.osgi\221\0\.cp\lib\javaagent-shaded.jar -Dfile.encoding=Cp1252 
java_command: FrontEnd.Front
java_class_path (initial): E:\eclipse-workspace\IoTConcolicTool2-PathExploreImprovement\bin;E:\Program Files\eclipse\plugins\org.codehaus.groovy_2.5.6.v201904162222-e1812\lib\groovy-2.5.6-indy.jar;E:\Program Files\eclipse\plugins\org.codehaus.groovy_2.5.6.v201904162222-e1812\lib\groovy-test-2.5.6-indy.jar;E:\Program Files\eclipse\plugins\org.codehaus.groovy_2.5.6.v201904162222-e1812\lib\ivy-2.4.0.jar;C:\Users\Bokai\.groovy\greclipse\global_dsld_support;E:\Program Files\eclipse\plugins\org.codehaus.groovy_2.5.6.v201904162222-e1812\plugin_dsld_support\;E:\eclipse-workspace\IoTConcolicTool2-PathExploreImprovement\libary\commons-cli-1.4.jar;E:\eclipse-workspace\IoTConcolicTool2-PathExploreImprovement\libary\jline-2.13.jar;E:\eclipse-workspace\IoTConcolicTool2-PathExploreImprovement\libary\selenium-server-standalone-3.0.1.jar;C:\Users\Bokai\Desktop\eclipse-workspace\IoTConcolicTool2-PathExploreImprovement\libary\z3-4.8.4.d6df51951f4c-x64-win\bin\com.microsoft.z3.jar
Launcher Type: SUN_STANDARD

[Global flags]
     intx CICompilerCount                          = 4                                         {product} {ergonomic}
     uint ConcGCThreads                            = 2                                         {product} {ergonomic}
     uint G1ConcRefinementThreads                  = 8                                         {product} {ergonomic}
   size_t G1HeapRegionSize                         = 1048576                                   {product} {ergonomic}
    uintx GCDrainStackTargetSize                   = 64                                        {product} {ergonomic}
   size_t InitialHeapSize                          = 268435456                                 {product} {ergonomic}
   size_t MarkStackSize                            = 4194304                                   {product} {ergonomic}
   size_t MaxHeapSize                              = 4278190080                                {product} {ergonomic}
   size_t MaxNewSize                               = 2566914048                                {product} {ergonomic}
   size_t MinHeapDeltaBytes                        = 1048576                                   {product} {ergonomic}
    uintx NonNMethodCodeHeapSize                   = 5835340                                {pd product} {ergonomic}
    uintx NonProfiledCodeHeapSize                  = 122911450                              {pd product} {ergonomic}
    uintx ProfiledCodeHeapSize                     = 122911450                              {pd product} {ergonomic}
    uintx ReservedCodeCacheSize                    = 251658240                              {pd product} {ergonomic}
     bool SegmentedCodeCache                       = true                                      {product} {ergonomic}
     bool UseCompressedClassPointers               = true                                 {lp64_product} {ergonomic}
     bool UseCompressedOops                        = true                                 {lp64_product} {ergonomic}
     bool UseG1GC                                  = true                                      {product} {ergonomic}
     bool UseLargePagesIndividualAllocation        = false                                  {pd product} {ergonomic}

Logging:
Log output configuration:
 #0: stdout all=warning uptime,level,tags
 #1: stderr all=off uptime,level,tags

Environment Variables:
JAVA_HOME=E:\Program Files\Java\jdk-11
CLASSPATH=.;E:\Program Files\Java\jdk-11\lib;E:\Program Files\Java\jdk-11\lib\tools.jar;
PATH=E:/Program Files/Java/jdk-11/bin/server;E:/Program Files/Java/jdk-11/bin;C:\Program Files (x86)\Intel\iCLS Client\;C:\Program Files\Intel\iCLS Client\;C:\windows\system32;C:\windows;C:\windows\System32\Wbem;C:\windows\System32\WindowsPowerShell\v1.0\;C:\Program Files (x86)\Intel\Intel(R) Management Engine Components\DAL;C:\Program Files\Intel\Intel(R) Management Engine Components\DAL;C:\Program Files (x86)\Intel\Intel(R) Management Engine Components\IPT;C:\Program Files\Intel\Intel(R) Management Engine Components\IPT;C:\Program Files (x86)\NVIDIA Corporation\PhysX\Common;C:\WINDOWS\system32;C:\WINDOWS;C:\WINDOWS\System32\Wbem;C:\WINDOWS\System32\WindowsPowerShell\v1.0\;C:\WINDOWS\System32\OpenSSH\;C:\Program Files\Intel\WiFi\bin\;C:\Program Files\Common Files\Intel\WirelessCommon\;E:\Program Files\Java\jdk-11\bin;E:\Program Files\PuTTY\;E:\Program Files\MATLAB\R2018b\bin;E:\eclipse-workspace\IoTConcolicTool2-PathExploreImprovement\libary\z3-4.8.4.d6df51951f4c-x64-win\bin;C:\Users\Bokai\AppData\Local\Microsoft\WindowsApps;;C:\WINDOWS\system32;
USERNAME=Bokai
OS=Windows_NT
PROCESSOR_IDENTIFIER=Intel64 Family 6 Model 158 Stepping 9, GenuineIntel



---------------  S Y S T E M  ---------------

OS: Windows 10 , 64 bit Build 17134 (10.0.17134.706)

CPU:total 8 (initial active 8) (4 cores per cpu, 2 threads per core) family 6 model 158 stepping 9, cmov, cx8, fxsr, mmx, sse, sse2, sse3, ssse3, sse4.1, sse4.2, popcnt, avx, avx2, aes, clmul, erms, rtm, 3dnowpref, lzcnt, ht, tsc, tscinvbit, bmi1, bmi2, adx, fma

Memory: 4k page, system-wide physical 16312M (11797M free)
TotalPageFile size 18744M (AvailPageFile size 12352M)
current process WorkingSet (physical memory assigned to process): 204M, peak: 286M
current process commit charge ("private bytes"): 372M, peak: 457M

vm_info: Java HotSpot(TM) 64-Bit Server VM (11+28) for windows-amd64 JRE (11+28), built on Aug 23 2018 03:03:59 by "mach5one" with MS VC++ 15.5 (VS2017)

END.
